2025-10-23 21:02:57,398 - biometric_gesture_system - INFO - [config_manager.py:504] - Validaci√≥n de configuraci√≥n: ‚úì EXITOSA
2025-10-23 21:02:57,398 - biometric_gesture_system - INFO - [config_manager.py:317] - ================================================================================
2025-10-23 21:02:57,398 - biometric_gesture_system - INFO - [config_manager.py:318] - SISTEMA BIOM√âTRICO DE GESTOS DE MANOS - CONFIG MANAGER INICIALIZADO
2025-10-23 21:02:57,398 - biometric_gesture_system - INFO - [config_manager.py:319] - ================================================================================
2025-10-23 21:02:57,398 - biometric_gesture_system - INFO - [config_manager.py:320] - Configuraci√≥n cargada desde: biometric_config.json
2025-10-23 21:02:57,400 - biometric_gesture_system - INFO - [config_manager.py:321] - Muestras por gesto: 7
2025-10-23 21:02:57,400 - biometric_gesture_system - INFO - [config_manager.py:322] - Gestos por usuario: 3
2025-10-23 21:02:57,400 - biometric_gesture_system - INFO - [config_manager.py:323] - Umbral confianza mano: 0.9
2025-10-23 21:02:57,400 - biometric_gesture_system - INFO - [config_manager.py:324] - Umbral confianza gesto: 0.6
2025-10-23 21:02:57,400 - biometric_gesture_system - INFO - [config_manager.py:325] - Resoluci√≥n c√°mara: 1280x720
2025-10-23 21:02:57,400 - biometric_gesture_system - INFO - [config_manager.py:326] - Directorios creados: 11 rutas configuradas
2025-10-23 21:02:57,400 - biometric_gesture_system - INFO - [config_manager.py:327] - ================================================================================
2025-10-23 21:02:57,644 - biometric_gesture_system - INFO - [config_manager.py:630] - ======================================================================
2025-10-23 21:02:57,646 - biometric_gesture_system - INFO - [config_manager.py:630] - ROI NORMALIZATION SYSTEM INICIALIZADO
2025-10-23 21:02:57,646 - biometric_gesture_system - INFO - [config_manager.py:630] -   ‚úì Resoluci√≥n m√≠nima: 150px
2025-10-23 21:02:57,646 - biometric_gesture_system - INFO - [config_manager.py:630] -   ‚úì Resoluci√≥n m√°xima: 600px
2025-10-23 21:02:57,646 - biometric_gesture_system - INFO - [config_manager.py:630] -   ‚úì Tama√±o normalizado: (224, 224)
2025-10-23 21:02:57,646 - biometric_gesture_system - INFO - [config_manager.py:630] -   ‚úì Padding: 15%
2025-10-23 21:02:57,647 - biometric_gesture_system - INFO - [config_manager.py:630] -   ‚úì Sharpening: ACTIVADO
2025-10-23 21:02:57,647 - biometric_gesture_system - INFO - [config_manager.py:630] - ======================================================================
2025-10-23 21:02:57,647 - biometric_gesture_system - INFO - [visual_feedback.py:62] - ======================================================================
2025-10-23 21:02:57,647 - biometric_gesture_system - INFO - [visual_feedback.py:63] - VISUAL FEEDBACK MANAGER INICIALIZADO
2025-10-23 21:02:57,647 - biometric_gesture_system - INFO - [visual_feedback.py:64] -   ‚úì 5 niveles de feedback configurados
2025-10-23 21:02:57,647 - biometric_gesture_system - INFO - [visual_feedback.py:65] -   ‚úì Colores BGR definidos
2025-10-23 21:02:57,648 - biometric_gesture_system - INFO - [visual_feedback.py:66] -   ‚úì Sistema de priorizaci√≥n activo
2025-10-23 21:02:57,648 - biometric_gesture_system - INFO - [visual_feedback.py:67] - ======================================================================
2025-10-23 21:02:57,648 - biometric_gesture_system - INFO - [system_manager.py:135] - ================================================================================
2025-10-23 21:02:57,648 - biometric_gesture_system - INFO - [system_manager.py:136] - üöÄ BiometricSystemManager v2.0.0 Real Edition Iniciado
2025-10-23 21:02:57,649 - biometric_gesture_system - INFO - [system_manager.py:137] - üèóÔ∏è  Arquitectura: 15 M√≥dulos + Main | 4 Capas Funcionales
2025-10-23 21:02:57,649 - biometric_gesture_system - INFO - [system_manager.py:138] - üéØ Caracter√≠sticas: Redes siamesas, fusi√≥n multimodal, templates biom√©tricos
2025-10-23 21:02:57,649 - biometric_gesture_system - INFO - [system_manager.py:139] - ================================================================================
2025-10-23 21:02:57,649 - biometric_gesture_system - INFO - [system_manager.py:191] - 
================================================================================
2025-10-23 21:02:57,649 - biometric_gesture_system - INFO - [system_manager.py:192] - üîß INICIANDO INICIALIZACI√ìN PROGRESIVA DEL SISTEMA
2025-10-23 21:02:57,649 - biometric_gesture_system - INFO - [system_manager.py:193] - ================================================================================
2025-10-23 21:02:57,649 - biometric_gesture_system - INFO - [system_manager.py:153] - VERIFICANDO M√ìDULOS DEL SISTEMA...
2025-10-23 21:02:57,649 - biometric_gesture_system - INFO - [system_manager.py:154] - ================================================================================
2025-10-23 21:02:57,649 - biometric_gesture_system - INFO - [system_manager.py:163] - ‚úÖ ConfigManager
2025-10-23 21:02:57,649 - biometric_gesture_system - INFO - [system_manager.py:163] - ‚úÖ CameraManager
2025-10-23 21:02:57,651 - biometric_gesture_system - INFO - [system_manager.py:163] - ‚úÖ MediaPipeProcessor
2025-10-23 21:02:57,651 - biometric_gesture_system - INFO - [system_manager.py:163] - ‚úÖ QualityValidator
2025-10-23 21:02:57,651 - biometric_gesture_system - INFO - [system_manager.py:163] - ‚úÖ ReferenceAreaManager
2025-10-23 21:02:57,651 - biometric_gesture_system - INFO - [system_manager.py:163] - ‚úÖ AnatomicalFeaturesExtractor
2025-10-23 21:02:57,651 - biometric_gesture_system - INFO - [system_manager.py:163] - ‚úÖ RealDynamicFeaturesExtractor
2025-10-23 21:02:57,651 - biometric_gesture_system - INFO - [system_manager.py:163] - ‚úÖ SequenceManager
2025-10-23 21:02:57,651 - biometric_gesture_system - INFO - [system_manager.py:163] - ‚úÖ RealSiameseAnatomicalNetwork
2025-10-23 21:02:57,651 - biometric_gesture_system - INFO - [system_manager.py:163] - ‚úÖ RealSiameseDynamicNetwork
2025-10-23 21:02:57,651 - biometric_gesture_system - INFO - [system_manager.py:163] - ‚úÖ RealFeaturePreprocessor
2025-10-23 21:02:57,651 - biometric_gesture_system - INFO - [system_manager.py:163] - ‚úÖ RealScoreFusionSystem
2025-10-23 21:02:57,651 - biometric_gesture_system - INFO - [system_manager.py:163] - ‚úÖ BiometricDatabase
2025-10-23 21:02:57,651 - biometric_gesture_system - INFO - [system_manager.py:163] - ‚úÖ RealEnrollmentSystem
2025-10-23 21:02:57,652 - biometric_gesture_system - INFO - [system_manager.py:163] - ‚úÖ RealAuthenticationSystem
2025-10-23 21:02:57,652 - biometric_gesture_system - INFO - [system_manager.py:173] - 
‚úÖ TODOS LOS 15 M√ìDULOS DISPONIBLES
2025-10-23 21:02:57,652 - biometric_gesture_system - INFO - [system_manager.py:179] - ================================================================================
2025-10-23 21:02:57,652 - biometric_gesture_system - INFO - [system_manager.py:205] - 
üîß NIVEL 1: Inicializando Componentes B√°sicos
2025-10-23 21:02:57,652 - biometric_gesture_system - INFO - [system_manager.py:206] - --------------------------------------------------------------------------------
2025-10-23 21:02:57,652 - biometric_gesture_system - INFO - [system_manager.py:283] - Inicializando Base de Datos...
2025-10-23 21:02:58,426 - biometric_gesture_system - INFO - [system_manager.py:293] - ‚úÖ Base de datos lista: 1 usuarios registrados
2025-10-23 21:02:58,454 - biometric_gesture_system - INFO - [system_manager.py:213] - ‚úÖ NIVEL 1 COMPLETADO: Componentes b√°sicos listos

2025-10-23 21:02:58,454 - biometric_gesture_system - INFO - [system_manager.py:218] - üìä NIVEL 2: Inicializando Extractores de Caracter√≠sticas
2025-10-23 21:02:58,454 - biometric_gesture_system - INFO - [system_manager.py:219] - --------------------------------------------------------------------------------
2025-10-23 21:02:58,454 - biometric_gesture_system - INFO - [system_manager.py:312] - --------------------------------------------------------------------------------
2025-10-23 21:02:58,454 - biometric_gesture_system - INFO - [system_manager.py:313] - üìä NIVEL 2: Inicializando Extractores de Caracter√≠sticas
2025-10-23 21:02:58,455 - biometric_gesture_system - INFO - [system_manager.py:314] - --------------------------------------------------------------------------------
2025-10-23 21:02:58,455 - biometric_gesture_system - ERROR - [system_manager.py:340] - ‚ùå ERROR CR√çTICO en Nivel 2 (Extractores): name 'AnatomicalFeaturesExtractor' is not defined
Traceback (most recent call last):
  File "C:\Users\USER\Documents\biometric-gesture-system\backend\app\core\system_manager.py", line 317, in _initialize_real_feature_extractors
    self.anatomical_extractor = AnatomicalFeaturesExtractor()
                                ^^^^^^^^^^^^^^^^^^^^^^^^^^^
NameError: name 'AnatomicalFeaturesExtractor' is not defined
2025-10-23 21:02:58,455 - biometric_gesture_system - ERROR - [system_manager.py:273] - üö® ERROR CR√çTICO EN INICIALIZACI√ìN: 'BiometricSystemManager' object has no attribute 'initialization_status'
Traceback (most recent call last):
  File "C:\Users\USER\Documents\biometric-gesture-system\backend\app\core\system_manager.py", line 317, in _initialize_real_feature_extractors
    self.anatomical_extractor = AnatomicalFeaturesExtractor()
                                ^^^^^^^^^^^^^^^^^^^^^^^^^^^
NameError: name 'AnatomicalFeaturesExtractor' is not defined

During handling of the above exception, another exception occurred:

Traceback (most recent call last):
  File "C:\Users\USER\Documents\biometric-gesture-system\backend\app\core\system_manager.py", line 221, in initialize_system
    if not self._initialize_real_feature_extractors():
           ^^^^^^^^^^^^^^^^^^^^^^^^^^^^^^^^^^^^^^^^^^
  File "C:\Users\USER\Documents\biometric-gesture-system\backend\app\core\system_manager.py", line 341, in _initialize_real_feature_extractors
    self.initialization_status['extractors'] = False
    ^^^^^^^^^^^^^^^^^^^^^^^^^^
AttributeError: 'BiometricSystemManager' object has no attribute 'initialization_status'
